<?xml version="1.0" encoding="UTF-8"?>
<!-- Generated by org.testng.reporters.JUnitXMLReporter -->
<testsuite ignored="3" hostname="AsusVivobook15" failures="0" tests="1" name="Test" time="27.561" errors="0" timestamp="2025-08-17T16:50:55 IST">
  <testcase classname="pckgaeO.Login0" name="Login_004" time="21.239"/>
  <testcase classname="pckgaeO.Login0" name="Login_002" time="0.0">
    <ignored/>
  </testcase> <!-- Login_002 -->
  <testcase classname="pckgaeO.Login0" name="Login_003" time="0.0">
    <ignored/>
  </testcase> <!-- Login_003 -->
  <testcase classname="pckgaeO.Login0" name="Login_001" time="0.0">
    <ignored/>
  </testcase> <!-- Login_001 -->
</testsuite> <!-- Test -->
