<?xml version="1.0" encoding="UTF-8"?>
<!-- Generated by org.testng.reporters.JUnitXMLReporter -->
<testsuite ignored="2" hostname="AsusVivobook15" failures="0" tests="2" name="Test" time="25.819" errors="0" timestamp="2025-09-02T11:21:08 IST">
  <testcase classname="pckgaeO.Login0" name="Login_001" time="8.863"/>
  <testcase classname="pckgaeO.Login0" name="Login_002" time="8.343"/>
  <testcase classname="pckgaeO.Login0" name="Login_004" time="0.0">
    <ignored/>
  </testcase> <!-- Login_004 -->
  <testcase classname="pckgaeO.Login0" name="Login_003" time="0.0">
    <ignored/>
  </testcase> <!-- Login_003 -->
</testsuite> <!-- Test -->
