-------------------------------------------------------------------------------
Test set: TestSuite
-------------------------------------------------------------------------------
Tests run: 1, Failures: 1, Errors: 0, Skipped: 0, Time elapsed: 12.293 s <<< FAILURE! - in TestSuite
pckgaeO.Login0.Login_001[Admin, admin123z](1)  Time elapsed: 7.739 s  <<< FAILURE!
java.lang.AssertionError: testcase failed expected [https://opensource-demo.orangehrmlive.com/web/index.php/auth/login] but found [https://opensource-demo.orangehrmlive.com/web/index.php/dashboard/index]
	at pckgaeO.Login0.Login_001(Login0.java:69)

