<?xml version="1.0" encoding="UTF-8"?>
<testng-results ignored="3" total="4" passed="1" failed="0" skipped="0">
  <reporter-output>
  </reporter-output>
  <suite started-at="2025-09-01T18:11:13 IST" name="Suite" finished-at="2025-09-01T18:11:26 IST" duration-ms="12657">
    <groups>
    </groups>
    <test started-at="2025-09-01T18:11:13 IST" name="Test" finished-at="2025-09-01T18:11:26 IST" duration-ms="12657">
      <class name="pckgaeO.Login0">
        <test-method is-config="true" signature="get()[pri:0, instance:pckgaeO.Login0@43195e57]" started-at="2025-09-01T18:11:13 IST" name="get" finished-at="2025-09-01T18:11:17 IST" duration-ms="3662" status="PASS">
          <reporter-output>
          </reporter-output>
        </test-method> <!-- get -->
        <test-method signature="Login_001(java.lang.String,java.lang.String)[pri:0, instance:pckgaeO.Login0@43195e57]" started-at="2025-09-01T18:11:17 IST" name="Login_001" description="to verify login functionality with valid usename and valid password" finished-at="2025-09-01T18:11:26 IST" duration-ms="8954" status="PASS">
          <params>
            <param index="0">
              <value>
                <![CDATA[Admin]]>
              </value>
            </param>
            <param index="1">
              <value>
                <![CDATA[admin123]]>
              </value>
            </param>
          </params>
          <reporter-output>
          </reporter-output>
        </test-method> <!-- Login_001 -->
        <test-method is-config="true" signature="time()[pri:0, instance:pckgaeO.Login0@43195e57]" started-at="2025-09-01T18:11:26 IST" name="time" finished-at="2025-09-01T18:11:26 IST" duration-ms="0" status="PASS">
          <reporter-output>
          </reporter-output>
        </test-method> <!-- time -->
      </class> <!-- pckgaeO.Login0 -->
    </test> <!-- Test -->
  </suite> <!-- Suite -->
</testng-results>
